<?xml version="1.0" encoding="UTF-8"?>
<testng-results skipped="0" failed="0" ignored="1" total="2" passed="1">
  <reporter-output>
  </reporter-output>
  <suite name="Suite" duration-ms="11132" started-at="2019-01-24T08:17:09Z" finished-at="2019-01-24T08:17:20Z">
    <groups>
    </groups>
    <test name="Test" duration-ms="11132" started-at="2019-01-24T08:17:09Z" finished-at="2019-01-24T08:17:20Z">
      <class name="testcases.TC_001">
        <test-method status="PASS" signature="setUp()[pri:0, instance:testcases.TC_001@c81cdd1]" name="setUp" is-config="true" duration-ms="6153" started-at="2019-01-24T08:17:09Z" finished-at="2019-01-24T08:17:16Z">
          <reporter-output>
          </reporter-output>
        </test-method> <!-- setUp -->
        <test-method status="PASS" signature="tc_001()[pri:0, instance:testcases.TC_001@c81cdd1]" name="tc_001" duration-ms="2878" started-at="2019-01-24T08:17:16Z" finished-at="2019-01-24T08:17:18Z">
          <reporter-output>
          </reporter-output>
        </test-method> <!-- tc_001 -->
        <test-method status="PASS" signature="tearDown()[pri:0, instance:testcases.TC_001@c81cdd1]" name="tearDown" is-config="true" duration-ms="2008" started-at="2019-01-24T08:17:18Z" finished-at="2019-01-24T08:17:20Z">
          <reporter-output>
          </reporter-output>
        </test-method> <!-- tearDown -->
        <test-method status="PASS" signature="generateReport()[pri:0, instance:testcases.TC_001@c81cdd1]" name="generateReport" is-config="true" duration-ms="1" started-at="2019-01-24T08:17:20Z" finished-at="2019-01-24T08:17:20Z">
          <reporter-output>
          </reporter-output>
        </test-method> <!-- generateReport -->
      </class> <!-- testcases.TC_001 -->
    </test> <!-- Test -->
  </suite> <!-- Suite -->
</testng-results>
